<?xml version="1.0" encoding="UTF-8"?>
<testng-results ignored="0" total="2" passed="2" failed="0" skipped="0">
  <reporter-output>
  </reporter-output>
  <suite started-at="2023-02-27T15:49:57 GST" name="Default suite" finished-at="2023-02-27T15:50:26 GST" duration-ms="29016">
    <groups>
    </groups>
    <test started-at="2023-02-27T15:49:57 GST" name="Default test" finished-at="2023-02-27T15:50:26 GST" duration-ms="29016">
      <class name="avenuecode.MyTasksTest">
        <test-method is-config="true" signature="launchApplication()[pri:0, instance:avenuecode.MyTasksTest@6ef888f6]" started-at="2023-02-27T15:49:57 GST" name="launchApplication" finished-at="2023-02-27T15:50:05 GST" duration-ms="7578" status="PASS">
          <reporter-output>
          </reporter-output>
        </test-method> <!-- launchApplication -->
        <test-method signature="checkTaskLength()[pri:0, instance:avenuecode.MyTasksTest@6ef888f6]" started-at="2023-02-27T15:50:05 GST" name="checkTaskLength" finished-at="2023-02-27T15:50:13 GST" duration-ms="7959" status="PASS">
          <reporter-output>
          </reporter-output>
        </test-method> <!-- checkTaskLength -->
        <test-method is-config="true" signature="tearDown()[pri:0, instance:avenuecode.MyTasksTest@6ef888f6]" started-at="2023-02-27T15:50:13 GST" name="tearDown" finished-at="2023-02-27T15:50:13 GST" duration-ms="189" status="PASS">
          <reporter-output>
          </reporter-output>
        </test-method> <!-- tearDown -->
        <test-method is-config="true" signature="launchApplication()[pri:0, instance:avenuecode.MyTasksTest@6ef888f6]" started-at="2023-02-27T15:50:13 GST" name="launchApplication" finished-at="2023-02-27T15:50:20 GST" duration-ms="7328" status="PASS">
          <reporter-output>
          </reporter-output>
        </test-method> <!-- launchApplication -->
        <test-method signature="createNewTask()[pri:0, instance:avenuecode.MyTasksTest@6ef888f6]" started-at="2023-02-27T15:50:20 GST" name="createNewTask" finished-at="2023-02-27T15:50:26 GST" duration-ms="5760" status="PASS">
          <reporter-output>
          </reporter-output>
        </test-method> <!-- createNewTask -->
        <test-method is-config="true" signature="tearDown()[pri:0, instance:avenuecode.MyTasksTest@6ef888f6]" started-at="2023-02-27T15:50:26 GST" name="tearDown" finished-at="2023-02-27T15:50:26 GST" duration-ms="174" status="PASS">
          <reporter-output>
          </reporter-output>
        </test-method> <!-- tearDown -->
      </class> <!-- avenuecode.MyTasksTest -->
    </test> <!-- Default test -->
  </suite> <!-- Default suite -->
</testng-results>
